#-----------------------------------------------------------
# Vivado v2018.3 (64-bit)
# SW Build 2405991 on Thu Dec  6 23:38:27 MST 2018
# IP Build 2404404 on Fri Dec  7 01:43:56 MST 2018
# Start of session at: Tue Jul 19 10:11:05 2022
# Process ID: 9536
# Current directory: D:/UniversityLife/CPUDesign/mycpu_board_200111130
# Command line: vivado.exe -gui_launcher_event rodinguilauncherevent6640 D:\UniversityLife\CPUDesign\mycpu_board_200111130\mycpu_board_200111130.xpr
# Log file: D:/UniversityLife/CPUDesign/mycpu_board_200111130/vivado.log
# Journal file: D:/UniversityLife/CPUDesign/mycpu_board_200111130\vivado.jou
#-----------------------------------------------------------
start_gui
open_project D:/UniversityLife/CPUDesign/mycpu_board_200111130/mycpu_board_200111130.xpr
INFO: [Project 1-313] Project file moved from 'F:/CPUDesign/mycpu_board_200111130' since last save.
Scanning sources...
Finished scanning sources
INFO: [IP_Flow 19-234] Refreshing IP repositories
INFO: [IP_Flow 19-1704] No user IP repositories specified
INFO: [IP_Flow 19-2313] Loaded Vivado IP repository 'E:/Xilinx/Vivado/2018.3/data/ip'.
open_project: Time (s): cpu = 00:00:16 ; elapsed = 00:00:10 . Memory (MB): peak = 800.207 ; gain = 207.934
update_compile_order -fileset sources_1
exit
INFO: [Common 17-206] Exiting Vivado at Tue Jul 19 12:06:51 2022...
